# JRE version: Java(TM) SE Runtime Environment (8.0_102-b14) (build 1.8.0_102-b14)
# Java VM: Java HotSpot(TM) 64-Bit Server VM (25.102-b14 mixed mode windows-amd64 compressed oops)
Heap:
 PSYoungGen      total 76288K, used 58118K [0x000000076b180000, 0x0000000770680000, 0x00000007c0000000)
  eden space 65536K, 72% used [0x000000076b180000,0x000000076dfc4f00,0x000000076f180000)
  from space 10752K, 99% used [0x000000076fc00000,0x000000077067ccc0,0x0000000770680000)
  to   space 10752K, 0% used [0x000000076f180000,0x000000076f180000,0x000000076fc00000)
 ParOldGen       total 175104K, used 2991K [0x00000006c1400000, 0x00000006cbf00000, 0x000000076b180000)
  object space 175104K, 1% used [0x00000006c1400000,0x00000006c16ebe30,0x00000006cbf00000)
 Metaspace       used 13502K, capacity 13800K, committed 14080K, reserved 1060864K
  class space    used 1647K, capacity 1742K, committed 1792K, reserved 1048576K
GC Heap History (4 events):
Event: 16.322 GC heap before
{Heap before GC invocations=1 (full 0):
 PSYoungGen      total 76288K, used 65536K [0x000000076b180000, 0x0000000770680000, 0x00000007c0000000)
  eden space 65536K, 100% used [0x000000076b180000,0x000000076f180000,0x000000076f180000)
  from space 10752K, 0% used [0x000000076fc00000,0x000000076fc00000,0x0000000770680000)
  to   space 10752K, 0% used [0x000000076f180000,0x000000076f180000,0x000000076fc00000)
 ParOldGen       total 175104K, used 0K [0x00000006c1400000, 0x00000006cbf00000, 0x000000076b180000)
  object space 175104K, 0% used [0x00000006c1400000,0x00000006c1400000,0x00000006cbf00000)
 Metaspace       used 13007K, capacity 13280K, committed 13568K, reserved 1060864K
  class space    used 1646K, capacity 1742K, committed 1792K, reserved 1048576K
Event: 16.331 GC heap after
Heap after GC invocations=1 (full 0):
 PSYoungGen      total 76288K, used 4528K [0x000000076b180000, 0x0000000770680000, 0x00000007c0000000)
  eden space 65536K, 0% used [0x000000076b180000,0x000000076b180000,0x000000076f180000)
  from space 10752K, 42% used [0x000000076f180000,0x000000076f5ec348,0x000000076fc00000)
  to   space 10752K, 0% used [0x000000076fc00000,0x000000076fc00000,0x0000000770680000)
 ParOldGen       total 175104K, used 24K [0x00000006c1400000, 0x00000006cbf00000, 0x000000076b180000)
  object space 175104K, 0% used [0x00000006c1400000,0x00000006c1406000,0x00000006cbf00000)
 Metaspace       used 13007K, capacity 13280K, committed 13568K, reserved 1060864K
  class space    used 1646K, capacity 1742K, committed 1792K, reserved 1048576K
}
Event: 33.770 GC heap before
{Heap before GC invocations=2 (full 0):
 PSYoungGen      total 76288K, used 70064K [0x000000076b180000, 0x0000000770680000, 0x00000007c0000000)
  eden space 65536K, 100% used [0x000000076b180000,0x000000076f180000,0x000000076f180000)
  from space 10752K, 42% used [0x000000076f180000,0x000000076f5ec348,0x000000076fc00000)
  to   space 10752K, 0% used [0x000000076fc00000,0x000000076fc00000,0x0000000770680000)
 ParOldGen       total 175104K, used 24K [0x00000006c1400000, 0x00000006cbf00000, 0x000000076b180000)
  object space 175104K, 0% used [0x00000006c1400000,0x00000006c1406000,0x00000006cbf00000)
 Metaspace       used 13419K, capacity 13672K, committed 13824K, reserved 1060864K
  class space    used 1647K, capacity 1742K, committed 1792K, reserved 1048576K
Event: 33.787 GC heap after
Heap after GC invocations=2 (full 0):
 PSYoungGen      total 76288K, used 10739K [0x000000076b180000, 0x0000000770680000, 0x00000007c0000000)
  eden space 65536K, 0% used [0x000000076b180000,0x000000076b180000,0x000000076f180000)
  from space 10752K, 99% used [0x000000076fc00000,0x000000077067ccc0,0x0000000770680000)
  to   space 10752K, 0% used [0x000000076f180000,0x000000076f180000,0x000000076fc00000)
 ParOldGen       total 175104K, used 2991K [0x00000006c1400000, 0x00000006cbf00000, 0x000000076b180000)
  object space 175104K, 1% used [0x00000006c1400000,0x00000006c16ebe30,0x00000006cbf00000)
 Metaspace       used 13419K, capacity 13672K, committed 13824K, reserved 1060864K
  class space    used 1647K, capacity 1742K, committed 1792K, reserved 1048576K
}

